<?xml version="1.0" encoding="UTF-8"?>
<!-- Generated by org.testng.reporters.JUnitReportReporter -->
<testsuite skipped="0" hostname="LTPBAN092354328" name="com.tower.qa.testcases.SearchTest" tests="1" failures="0" timestamp="2020-06-30T15:21:57 IST" time="2.339" errors="0">
  <testcase name="searchTest" time="2.339" classname="com.tower.qa.testcases.SearchTest"/>
  <system-out/>
</testsuite> <!-- com.tower.qa.testcases.SearchTest -->
