<?xml version="1.0" encoding="UTF-8"?>
<!-- Generated by org.testng.reporters.JUnitReportReporter -->
<testsuite skipped="0" hostname="LTPBAN092354328" name="com.tower.qa.testcases.HomeTest" tests="1" failures="0" timestamp="2020-06-30T15:17:04 IST" time="0.108" errors="0">
  <testcase name="verifyHomepagetitletest" time="0.108" classname="com.tower.qa.testcases.HomeTest"/>
  <system-out/>
</testsuite> <!-- com.tower.qa.testcases.HomeTest -->
