<?xml version="1.0" encoding="UTF-8"?>
<!-- Generated by org.testng.reporters.JUnitReportReporter -->
<testsuite skipped="0" hostname="LTPBAN092354328" name="com.tower.qa.testcases.ArticlesTest" tests="1" failures="0" timestamp="2020-06-30T15:19:13 IST" time="5.863" errors="0">
  <testcase name="clickArticle" time="5.863" classname="com.tower.qa.testcases.ArticlesTest"/>
  <system-out/>
</testsuite> <!-- com.tower.qa.testcases.ArticlesTest -->
