<?xml version="1.0" encoding="UTF-8"?>
<!-- Generated by org.testng.reporters.JUnitReportReporter -->
<testsuite skipped="0" hostname="LTPBAN092354328" name="com.tower.qa.testcases.ContactusTest" tests="1" failures="0" timestamp="2020-06-30T15:20:29 IST" time="2.549" errors="0">
  <testcase name="clickcontact" time="2.549" classname="com.tower.qa.testcases.ContactusTest"/>
  <system-out/>
</testsuite> <!-- com.tower.qa.testcases.ContactusTest -->
