<?xml version="1.0" encoding="UTF-8"?>
<!-- Generated by org.testng.reporters.JUnitReportReporter -->
<testsuite skipped="0" hostname="LTPBAN092354328" name="com.tower.qa.testcases.AboutusTest" tests="1" failures="0" timestamp="2020-06-30T15:18:36 IST" time="34.994" errors="0">
  <testcase name="clickAbout" time="34.994" classname="com.tower.qa.testcases.AboutusTest"/>
  <system-out/>
</testsuite> <!-- com.tower.qa.testcases.AboutusTest -->
