<?xml version="1.0" encoding="UTF-8"?>
<!-- Generated by org.testng.reporters.JUnitReportReporter -->
<testsuite skipped="0" hostname="LTPBAN092354328" name="com.tower.qa.testcases.RenewalsTest" tests="1" failures="0" timestamp="2020-06-30T15:21:16 IST" time="9.104" errors="0">
  <testcase name="clickrenewal" time="9.104" classname="com.tower.qa.testcases.RenewalsTest"/>
  <system-out/>
</testsuite> <!-- com.tower.qa.testcases.RenewalsTest -->
